Using pre-set license
Built from '2020.2/staging' branch; Version is '2020.2.3f1 (8ff31bc5bf5b) revision 9433883'; Using compiler version '192528614'; Build Type 'Release'
OS: 'Windows 10 Home; OS build 19043.1237; Version 2009; 64bit' Language: 'ja' Physical Memory: 8058 MB
BatchMode: 1, IsHumanControllingUs: 0, StartBugReporterOnCrash: 0, Is64bit: 1, IsPro: 0

 COMMAND LINE ARGUMENTS:
C:\Program Files\Unity\Hub\Editor\2020.2.3f1\Editor\Unity.exe
-adb2
-batchMode
-noUpm
-name
AssetImportWorker0
-projectPath
C:/USBデータ/Ultra/大学院/unity/音ゲ_ver.1.01
-logFile
Logs/AssetImportWorker0.log
-srvPort
51387
Successfully changed project path to: C:/USBデータ/Ultra/大学院/unity/音ゲ_ver.1.01
C:/USBデータ/Ultra/大学院/unity/音ゲ_ver.1.01
Using Asset Import Pipeline V2.
Refreshing native plugins compatible for Editor in 33.50 ms, found 0 plugins.
Preloading 0 native plugins for Editor in 0.00 ms.
Initialize engine version: 2020.2.3f1 (8ff31bc5bf5b)
[Subsystems] Discovering subsystems at path C:/Program Files/Unity/Hub/Editor/2020.2.3f1/Editor/Data/Resources/UnitySubsystems
[Subsystems] Discovering subsystems at path C:/USBデータ/Ultra/大学院/unity/音ゲ_ver.1.01/Assets
GfxDevice: creating device client; threaded=0
Direct3D:
    Version:  Direct3D 11.0 [level 11.1]
    Renderer: Intel(R) HD Graphics 620 (ID=0x5916)
    Vendor:   
    VRAM:     4029 MB
    Driver:   23.20.16.4973
Initialize mono
Mono path[0] = 'C:/Program Files/Unity/Hub/Editor/2020.2.3f1/Editor/Data/Managed'
Mono path[1] = 'C:/Program Files/Unity/Hub/Editor/2020.2.3f1/Editor/Data/MonoBleedingEdge/lib/mono/unityjit'
Mono config path = 'C:/Program Files/Unity/Hub/Editor/2020.2.3f1/Editor/Data/MonoBleedingEdge/etc'
Using monoOptions --debugger-agent=transport=dt_socket,embedding=1,server=y,suspend=n,address=127.0.0.1:56844
Begin MonoManager ReloadAssembly
Registering precompiled unity dll's ...
Register platform support module: C:/Program Files/Unity/Hub/Editor/2020.2.3f1/Editor/Data/PlaybackEngines/WindowsStandaloneSupport/UnityEditor.WindowsStandalone.Extensions.dll
Registered in 0.002741 seconds.
Native extension for WindowsStandalone target not found
Refreshing native plugins compatible for Editor in 33.40 ms, found 0 plugins.
Preloading 0 native plugins for Editor in 0.00 ms.
Invoked RoslynAnalysisRunner static constructor.
RoslynAnalysisRunner will not be running.
RoslynAnalysisRunner has terminated.
Mono: successfully reloaded assembly
- Completed reload, in  1.273 seconds
Platform modules already initialized, skipping
Registering precompiled user dll's ...
Registered in 0.001004 seconds.
Begin MonoManager ReloadAssembly
Native extension for WindowsStandalone target not found
Refreshing native plugins compatible for Editor in 0.26 ms, found 0 plugins.
Preloading 0 native plugins for Editor in 0.00 ms.
Invoked RoslynAnalysisRunner static constructor.
RoslynAnalysisRunner will not be running.
RoslynAnalysisRunner has terminated.
Mono: successfully reloaded assembly
- Completed reload, in  1.133 seconds
Platform modules already initialized, skipping
========================================================================
Worker process is ready to serve import requests
Launched and connected shader compiler UnityShaderCompiler.exe after 0.23 seconds
Refreshing native plugins compatible for Editor in 0.25 ms, found 0 plugins.
Preloading 0 native plugins for Editor in 0.00 ms.
Unloading 1198 Unused Serialized files (Serialized files now loaded: 0)
System memory in use before: 64.8 MB.
System memory in use after: 64.9 MB.

Unloading 10 unused Assets to reduce memory usage. Loaded Objects now: 1644.
Total: 1.999600 ms (FindLiveObjects: 0.172300 ms CreateObjectMapping: 0.059800 ms MarkObjects: 1.663900 ms  DeleteObjects: 0.101900 ms)

========================================================================
Received Import Request.
  path: Assets/Fonts/ttf
  artifactKey: Guid(ffccead020c67024d8ca7913ffa06b07) Importer(815301076,1909f56bfc062723c751e8b465ee728b)
Start importing Assets/Fonts/ttf using Guid(ffccead020c67024d8ca7913ffa06b07) Importer(815301076,1909f56bfc062723c751e8b465ee728b)  -> (artifact id: '03616e0c64f3367643e0620db8c4fdcf') in 0.248380 seconds
  Import took 0.300296 seconds .

========================================================================
Received Import Request.
  Time since last request: 207.639248 seconds.
  path: Assets/Prefabs/BarLine/TutorialScene/BarLine.prefab
  artifactKey: Guid(3e0d769fc6405994a899371695e794b7) Importer(815301076,1909f56bfc062723c751e8b465ee728b)
Start importing Assets/Prefabs/BarLine/TutorialScene/BarLine.prefab using Guid(3e0d769fc6405994a899371695e794b7) Importer(815301076,1909f56bfc062723c751e8b465ee728b)  -> (artifact id: '1b03385251130e4055dbe8aba2657c05') in 0.385837 seconds
  Import took 0.407884 seconds .

========================================================================
Received Import Request.
  Time since last request: 71.458544 seconds.
  path: Assets/Resources/01_サイバー13
  artifactKey: Guid(d1e7b61459bd3d74a93d4e17580d8f6e) Importer(815301076,1909f56bfc062723c751e8b465ee728b)
Start importing Assets/Resources/01_サイバー13 using Guid(d1e7b61459bd3d74a93d4e17580d8f6e) Importer(815301076,1909f56bfc062723c751e8b465ee728b)  -> (artifact id: '3cfe6a446f95b60bd9109f1c0190dec4') in 0.022220 seconds
  Import took 0.092634 seconds .

AssetImportWorkerClient::OnTransportError - code=2 error=End of file
